<?xml version="1.0" encoding="UTF-8"?><testrun name="com.rama41222.FirstDayAtSchool.tests" project="Junit" tests="3" started="3" failures="0" errors="0" ignored="0">
  <testsuite name="com.rama41222.FirstDayAtSchool.tests.addPencilsTest" time="0.002">
    <testcase name="testAddPencils" classname="com.rama41222.FirstDayAtSchool.tests.addPencilsTest" time="0.002"/>
  </testsuite>
  <testsuite name="com.rama41222.FirstDayAtSchool.tests.PrepareMyTestBag" time="0.003">
    <testcase name="testIsF" classname="com.rama41222.FirstDayAtSchool.tests.PrepareMyTestBag" time="0.002"/>
    <testcase name="testPrepareMyBag" classname="com.rama41222.FirstDayAtSchool.tests.PrepareMyTestBag" time="0.001"/>
  </testsuite>
</testrun>
